2023-08-02 11:53:55.868669: I tensorflow/core/platform/cpu_feature_guard.cc:182] This TensorFlow binary is optimized to use available CPU instructions in performance-critical operations.
To enable the following instructions: AVX2 FMA, in other operations, rebuild TensorFlow with the appropriate compiler flags.
2023-08-02 11:53:56.501125: W tensorflow/compiler/tf2tensorrt/utils/py_utils.cc:38] TF-TRT Warning: Could not find TensorRT
2023-08-02 11:53:58.179437: E tensorflow/compiler/xla/stream_executor/cuda/cuda_driver.cc:266] failed call to cuInit: CUDA_ERROR_NO_DEVICE: no CUDA-capable device is detected
INFO flwr 2023-08-02 11:53:58,236 | grpc.py:50 | Opened insecure gRPC connection (no certificates were passed)
INFO:flwr:Opened insecure gRPC connection (no certificates were passed)
DEBUG flwr 2023-08-02 11:53:58,237 | connection.py:38 | ChannelConnectivity.IDLE
DEBUG:flwr:ChannelConnectivity.IDLE
DEBUG flwr 2023-08-02 11:53:58,238 | connection.py:38 | ChannelConnectivity.CONNECTING
DEBUG:flwr:ChannelConnectivity.CONNECTING
DEBUG flwr 2023-08-02 11:53:58,239 | connection.py:38 | ChannelConnectivity.READY
DEBUG:flwr:ChannelConnectivity.READY
DEBUG flwr 2023-08-02 11:54:28,205 | connection.py:109 | gRPC channel closed
DEBUG:flwr:gRPC channel closed
INFO flwr 2023-08-02 11:54:28,205 | app.py:153 | Disconnect and shut down
INFO:flwr:Disconnect and shut down
Fit history :  {'loss': [2.094801425933838, 1.6885086297988892, 1.43146550655365, 1.279642939567566, 1.168650507926941], 'accuracy': [0.2830274701118469, 0.42243245244026184, 0.5070101618766785, 0.5512367486953735, 0.5870283842086792], 'val_loss': [1.8501558303833008, 1.5200575590133667, 1.3253968954086304, 1.191573143005371, 1.1006132364273071], 'val_accuracy': [0.447584331035614, 0.4908842444419861, 0.572014570236206, 0.6257976293563843, 0.6020966172218323]}
Validation loss: 1.0985721349716187   Validation accuracy: 0.607110321521759
Fit history :  {'loss': [1.0901740789413452, 1.0240319967269897, 0.9746339917182922, 0.9216479063034058, 0.8776257634162903], 'accuracy': [0.6080018281936646, 0.6385501027107239, 0.6491507887840271, 0.6798130869865417, 0.6977089047431946], 'val_loss': [1.0232343673706055, 0.9605072140693665, 0.9078214168548584, 0.8583675622940063, 0.8203396201133728], 'val_accuracy': [0.6659070253372192, 0.6777575016021729, 0.7078395485877991, 0.7547857761383057, 0.7470373511314392]}
Validation loss: 0.8151904344558716   Validation accuracy: 0.7661805152893066
Fit history :  {'loss': [0.8372921347618103, 0.8011323809623718, 0.7689870595932007, 0.7432538866996765, 0.7138093709945679], 'accuracy': [0.720392107963562, 0.7365781664848328, 0.7540180087089539, 0.7673543691635132, 0.7751054167747498], 'val_loss': [0.7810329794883728, 0.7485071420669556, 0.7158434391021729, 0.6843267679214478, 0.6581810712814331], 'val_accuracy': [0.7634457349777222, 0.7898814678192139, 0.7976298928260803, 0.8345487713813782, 0.8409298062324524]}
Validation loss: 0.6558877229690552   Validation accuracy: 0.8541476726531982
Fit history :  {'loss': [0.6889354586601257, 0.6637739539146423, 0.6413059234619141, 0.6208207607269287, 0.6026390790939331], 'accuracy': [0.7825145125389099, 0.7991564869880676, 0.8087313175201416, 0.8192180395126343, 0.8276530504226685], 'val_loss': [0.6349776387214661, 0.6178419589996338, 0.5939870476722717, 0.5765928030014038, 0.5578346252441406], 'val_accuracy': [0.8463992476463318, 0.8318140506744385, 0.8623518943786621, 0.8701002597808838, 0.8746581673622131]}
Validation loss: 0.5517524480819702   Validation accuracy: 0.8851413130760193
Fit history :  {'loss': [0.5801946520805359, 0.5703816413879395, 0.5503838062286377, 0.5374518036842346, 0.524351954460144], 'accuracy': [0.8360880017280579, 0.8367719054222107, 0.8431551456451416, 0.8519320487976074, 0.8542118072509766], 'val_loss': [0.5380837917327881, 0.5244587063789368, 0.5059621334075928, 0.49254921078681946, 0.4783788025379181], 'val_accuracy': [0.8942570686340332, 0.9006381034851074, 0.8992707133293152, 0.9106654524803162, 0.9179580807685852]}
Validation loss: 0.475571870803833   Validation accuracy: 0.916590690612793
Fit history :  {'loss': [0.5149236917495728, 0.49463918805122375, 0.4899712800979614, 0.47847577929496765, 0.46287742257118225], 'accuracy': [0.8569474816322327, 0.8646985292434692, 0.8686880469322205, 0.8732474446296692, 0.8765530586242676], 'val_loss': [0.4643123149871826, 0.45899784564971924, 0.44730344414711, 0.4362470209598541, 0.42676278948783875], 'val_accuracy': [0.9193254113197327, 0.9106654524803162, 0.9202370047569275, 0.9261622428894043, 0.9247949123382568]}
Validation loss: 0.42196282744407654   Validation accuracy: 0.9320875406265259
Fit history :  {'loss': [0.4584541320800781, 0.45157474279403687, 0.4373498558998108, 0.4338516294956207, 0.4212843179702759], 'accuracy': [0.8746153116226196, 0.8774649500846863, 0.8806565403938293, 0.8841901421546936, 0.8904593586921692], 'val_loss': [0.41738972067832947, 0.404310017824173, 0.4005221426486969, 0.38851824402809143, 0.38433822989463806], 'val_accuracy': [0.9334548711776733, 0.9343664646148682, 0.9357337951660156, 0.9339106678962708, 0.9325432777404785]}
Validation loss: 0.378991961479187   Validation accuracy: 0.9384685754776001
Fit history :  {'loss': [0.41639113426208496, 0.4085081219673157, 0.4015626013278961, 0.3939133882522583, 0.3847443163394928], 'accuracy': [0.8910292983055115, 0.8900034427642822, 0.8939929604530334, 0.8962726593017578, 0.9015160202980042], 'val_loss': [0.37387609481811523, 0.36601585149765015, 0.3587053716182709, 0.35429731011390686, 0.34609460830688477], 'val_accuracy': [0.9320875406265259, 0.9384685754776001, 0.9393801093101501, 0.940291702747345, 0.9425706267356873]}
Validation loss: 0.34007930755615234   Validation accuracy: 0.9448496103286743
Fit history :  {'loss': [0.3805331289768219, 0.37629494071006775, 0.3718002736568451, 0.359752893447876, 0.3536950945854187], 'accuracy': [0.8992363214492798, 0.900718092918396, 0.9050495624542236, 0.9057335257530212, 0.9080132246017456], 'val_loss': [0.341247022151947, 0.3337019681930542, 0.32652193307876587, 0.3229388892650604, 0.31435710191726685], 'val_accuracy': [0.9325432777404785, 0.9484959244728088, 0.947584331035614, 0.9416590929031372, 0.9434822201728821]}
Validation loss: 0.31055334210395813   Validation accuracy: 0.9457611441612244
Fit history :  {'loss': [0.3516356348991394, 0.34738820791244507, 0.33630242943763733, 0.33474162220954895, 0.3263368606567383], 'accuracy': [0.9128006100654602, 0.9056195020675659, 0.9121167063713074, 0.9074432849884033, 0.9188418984413147], 'val_loss': [0.31330955028533936, 0.3039873540401459, 0.2977255880832672, 0.2925930917263031, 0.29079511761665344], 'val_accuracy': [0.9484959244728088, 0.9512306451797485, 0.9498632550239563, 0.951686441898346, 0.9503190517425537]}
Validation loss: 0.2853175103664398   Validation accuracy: 0.9548769593238831
