2023-08-02 11:53:59.320835: I tensorflow/core/platform/cpu_feature_guard.cc:182] This TensorFlow binary is optimized to use available CPU instructions in performance-critical operations.
To enable the following instructions: AVX2 FMA, in other operations, rebuild TensorFlow with the appropriate compiler flags.
2023-08-02 11:54:00.097427: W tensorflow/compiler/tf2tensorrt/utils/py_utils.cc:38] TF-TRT Warning: Could not find TensorRT
2023-08-02 11:54:02.956828: E tensorflow/compiler/xla/stream_executor/cuda/cuda_driver.cc:266] failed call to cuInit: CUDA_ERROR_NO_DEVICE: no CUDA-capable device is detected
INFO flwr 2023-08-02 11:54:03,071 | grpc.py:50 | Opened insecure gRPC connection (no certificates were passed)
INFO:flwr:Opened insecure gRPC connection (no certificates were passed)
DEBUG flwr 2023-08-02 11:54:03,072 | connection.py:38 | ChannelConnectivity.IDLE
DEBUG:flwr:ChannelConnectivity.IDLE
DEBUG flwr 2023-08-02 11:54:03,073 | connection.py:38 | ChannelConnectivity.CONNECTING
DEBUG:flwr:ChannelConnectivity.CONNECTING
DEBUG flwr 2023-08-02 11:54:03,076 | connection.py:38 | ChannelConnectivity.READY
DEBUG:flwr:ChannelConnectivity.READY
DEBUG flwr 2023-08-02 11:54:28,205 | connection.py:109 | gRPC channel closed
DEBUG:flwr:gRPC channel closed
INFO flwr 2023-08-02 11:54:28,205 | app.py:153 | Disconnect and shut down
INFO:flwr:Disconnect and shut down
Fit history :  {'loss': [2.1043460369110107, 1.7051883935928345, 1.4415264129638672, 1.2789300680160522, 1.1719425916671753], 'accuracy': [0.2862190902233124, 0.4157072901725769, 0.5047304034233093, 0.5458794236183167, 0.5787073969841003], 'val_loss': [1.851474404335022, 1.5195438861846924, 1.310168981552124, 1.1796313524246216, 1.0865144729614258], 'val_accuracy': [0.3938012719154358, 0.5173199772834778, 0.5679124593734741, 0.59981769323349, 0.6257976293563843]}
Validation loss: 1.086155652999878   Validation accuracy: 0.6093892455101013
Fit history :  {'loss': [1.0923817157745361, 1.0276199579238892, 0.9713348150253296, 0.9208723306655884, 0.8818293809890747], 'accuracy': [0.6075458526611328, 0.630685031414032, 0.6578137278556824, 0.6816368699073792, 0.7007865309715271], 'val_loss': [1.0081806182861328, 0.9436448216438293, 0.8948132395744324, 0.849060595035553, 0.8018160462379456], 'val_accuracy': [0.6335460543632507, 0.6859617233276367, 0.7292616367340088, 0.7588878870010376, 0.7698268294334412]}
Validation loss: 0.7988039255142212   Validation accuracy: 0.771649956703186
Fit history :  {'loss': [0.8412905931472778, 0.8012679815292358, 0.7720115184783936, 0.7417385578155518, 0.7151493430137634], 'accuracy': [0.7178844213485718, 0.7405676245689392, 0.7562977075576782, 0.7707739472389221, 0.7830844521522522], 'val_loss': [0.7618393301963806, 0.7275898456573486, 0.6972693800926208, 0.6723334193229675, 0.6411983370780945], 'val_accuracy': [0.7921604514122009, 0.7825888991355896, 0.79945307970047, 0.8286235332489014, 0.8463992476463318]}
Validation loss: 0.6355708241462708   Validation accuracy: 0.8509571552276611
Fit history :  {'loss': [0.6921975612640381, 0.6663318872451782, 0.6503148078918457, 0.6250187158584595, 0.6043677926063538], 'accuracy': [0.7939131259918213, 0.8057677149772644, 0.8072494864463806, 0.8177362084388733, 0.8267411589622498], 'val_loss': [0.6105301976203918, 0.5904541015625, 0.5745025873184204, 0.554202675819397, 0.5353990197181702], 'val_accuracy': [0.860072910785675, 0.8687329292297363, 0.8710118532180786, 0.8783044815063477, 0.8910665512084961]}
Validation loss: 0.5283223390579224   Validation accuracy: 0.8865086436271667
Fit history :  {'loss': [0.5888987183570862, 0.5711963772773743, 0.559324324131012, 0.5459027290344238, 0.53249192237854], 'accuracy': [0.8311865925788879, 0.8377977609634399, 0.8437250852584839, 0.8474866151809692, 0.8491963744163513], 'val_loss': [0.5124118328094482, 0.49783411622047424, 0.4897576570510864, 0.4696042835712433, 0.46108949184417725], 'val_accuracy': [0.8814949989318848, 0.8933454751968384, 0.9092980623245239, 0.912488579750061, 0.9061075448989868]}
Validation loss: 0.4523145258426666   Validation accuracy: 0.9175022840499878
Fit history :  {'loss': [0.5213297605514526, 0.5105106234550476, 0.4982774555683136, 0.4867984354496002, 0.4751009941101074], 'accuracy': [0.8597971200942993, 0.8654963970184326, 0.8643565773963928, 0.8721076250076294, 0.8756411671638489], 'val_loss': [0.4424968957901001, 0.43293845653533936, 0.4204775094985962, 0.4180833697319031, 0.4000360667705536], 'val_accuracy': [0.9202370047569275, 0.9270738363265991, 0.9284412264823914, 0.9111212491989136, 0.9329990744590759]}
Validation loss: 0.3936803936958313   Validation accuracy: 0.9320875406265259
Fit history :  {'loss': [0.4695318639278412, 0.4639848470687866, 0.4473351836204529, 0.4405204951763153, 0.4337056577205658], 'accuracy': [0.8797446489334106, 0.8787187933921814, 0.8824803233146667, 0.8880656361579895, 0.8858999013900757], 'val_loss': [0.38913145661354065, 0.37828513979911804, 0.3697875440120697, 0.3672332465648651, 0.35664090514183044], 'val_accuracy': [0.9261622428894043, 0.9389243125915527, 0.9389243125915527, 0.9284412264823914, 0.9380127787590027]}
Validation loss: 0.35032108426094055   Validation accuracy: 0.9434822201728821
Fit history :  {'loss': [0.42109277844429016, 0.4204202890396118, 0.4061671495437622, 0.4009917676448822, 0.39045190811157227], 'accuracy': [0.8928530812263489, 0.8920551538467407, 0.892625093460083, 0.8974125385284424, 0.8995782732963562], 'val_loss': [0.3481828570365906, 0.33790186047554016, 0.3407779633998871, 0.32418620586395264, 0.31589990854263306], 'val_accuracy': [0.9316317439079285, 0.940291702747345, 0.9380127787590027, 0.9443938136100769, 0.9466727375984192]}
Validation loss: 0.3104277551174164   Validation accuracy: 0.951686441898346
Fit history :  {'loss': [0.38569334149360657, 0.3791777491569519, 0.3741569221019745, 0.36742931604385376, 0.3630974292755127], 'accuracy': [0.8993502855300903, 0.9026558995246887, 0.9058474898338318, 0.9060754776000977, 0.9059614539146423], 'val_loss': [0.31982043385505676, 0.3028562366962433, 0.30522191524505615, 0.2961607873439789, 0.29294276237487793], 'val_accuracy': [0.931175947189331, 0.9494074583053589, 0.9434822201728821, 0.9471285343170166, 0.9434822201728821]}
Validation loss: 0.284294456243515   Validation accuracy: 0.9512306451797485
Fit history :  {'loss': [0.36041852831840515, 0.34852123260498047, 0.34388089179992676, 0.33153092861175537, 0.3338639736175537], 'accuracy': [0.9057335257530212, 0.9069873690605164, 0.9125726819038391, 0.9157642722129822, 0.917930006980896], 'val_loss': [0.28064706921577454, 0.27872127294540405, 0.27184560894966125, 0.27092039585113525, 0.2615704834461212], 'val_accuracy': [0.947584331035614, 0.9553326964378357, 0.9512306451797485, 0.9434822201728821, 0.9498632550239563]}
Validation loss: 0.25860732793807983   Validation accuracy: 0.9544211626052856
